Started creating Chile DataCenter at 18:58:21
Completed creating Chile DataCenter at 18:58:21
Chile Completed Workload tracing at 18:58:21
Started creating Chile DataCenter at 19:01:51
Completed creating Chile DataCenter at 19:01:51
Chile Completed Workload tracing at 19:01:51
Chile Completed Temp/Electric tracing at 19:01:51
Chile Completed Temp/Electric tracing at 19:01:51
Chile Completed Updating Resource at 19:01:51
Chile Getting resource data at 19:01:51

Chile Getting resource data at 19:01:51

Chile Getting resource data at 19:01:51

Chile Getting resource data at 19:01:52

Chile Entered Simulation at 19:01:52
Job Arrival at Chile size: 49 time: 19:01:52

Chile Checking resource available at time: 19:01:52
Started creating Chile DataCenter at 19:12:55
Completed creating Chile DataCenter at 19:12:55
Chile Completed Workload tracing at 19:12:55
Chile Completed Temp/Electric tracing at 19:12:55
Chile Completed Temp/Electric tracing at 19:12:55
Chile Completed Updating Resource at 19:12:56
Chile Getting resource data at 19:12:56

Chile Getting resource data at 19:12:56

Chile Getting resource data at 19:12:56

Chile Getting resource data at 19:12:56

Chile Entered Simulation at 19:12:56
Job Arrival at Chile size: 49 time: 19:12:56

Chile Checking resource available at time: 19:12:56
Started creating Chile DataCenter at 19:20:50
Completed creating Chile DataCenter at 19:20:50
Chile Completed Workload tracing at 19:20:50
Chile Completed Temp/Electric tracing at 19:20:50
Chile Completed Temp/Electric tracing at 19:20:50
Chile Completed Updating Resource at 19:20:51
Chile Getting resource data at 19:20:51

Chile Getting resource data at 19:20:51

Chile Getting resource data at 19:20:51

Chile Getting resource data at 19:20:51

Chile Entered Simulation at 19:20:51
Job Arrival at Chile size: 49 time: 19:20:51

Chile Checking resource available at time: 19:20:51
