Started creating Finland DataCenter at 0:58:21
Started creating Finland DataCenter at 1:01:51
Completed creating Finland DataCenter at 1:01:51
Finland Completed Workload tracing at 1:01:51
Finland Completed Temp/Electric tracing at 1:01:51
Finland Completed Temp/Electric tracing at 1:01:51
Finland Getting resource data at 1:01:51

Finland Completed Updating Resource at 1:01:51
Finland Getting resource data at 1:01:51

Finland Getting resource data at 1:01:51

Finland Getting resource data at 1:01:52

Finland Entered Simulation at 1:01:52
Job Arrival at Finland size: 34 time: 1:01:52

High sensitive jobs at Finlandtime: 1:01:52
Finland Checking resource available at time: 1:01:52
Started creating Finland DataCenter at 1:12:55
Completed creating Finland DataCenter at 1:12:55
Finland Completed Workload tracing at 1:12:55
Finland Completed Temp/Electric tracing at 1:12:55
Finland Completed Temp/Electric tracing at 1:12:55
Finland Getting resource data at 1:12:56

Finland Completed Updating Resource at 1:12:56
Finland Getting resource data at 1:12:56

Finland Getting resource data at 1:12:56

Finland Getting resource data at 1:12:56

Finland Entered Simulation at 1:12:56
Job Arrival at Finland size: 34 time: 1:12:56

High sensitive jobs at Finlandtime: 1:12:56
Finland Checking resource available at time: 1:12:56
Started creating Finland DataCenter at 1:20:50
Completed creating Finland DataCenter at 1:20:50
Finland Completed Workload tracing at 1:20:50
Finland Completed Temp/Electric tracing at 1:20:50
Finland Completed Temp/Electric tracing at 1:20:51
Finland Getting resource data at 1:20:51

Finland Completed Updating Resource at 1:20:51
Finland Getting resource data at 1:20:51

Finland Getting resource data at 1:20:51

Finland Getting resource data at 1:20:51

Finland Entered Simulation at 1:20:51
Job Arrival at Finland size: 34 time: 1:20:51

High sensitive jobs at Finlandtime: 1:20:51
Finland Checking resource available at time: 1:21:25
