Started creating Iowa DataCenter at 16:58:21
Started creating Iowa DataCenter at 17:01:51
Completed creating Iowa DataCenter at 17:01:51
Iowa Completed Workload tracing at 17:01:51
Iowa Completed Temp/Electric tracing at 17:01:51
Iowa Completed Temp/Electric tracing at 17:01:51
Iowa Getting resource data at 17:01:51

Iowa Getting resource data at 17:01:51

Iowa Getting resource data at 17:01:51

Iowa Getting resource data at 17:01:51

Iowa Completed Updating Resource at 17:01:52
Iowa Entered Simulation at 17:01:52
Job Arrival at Iowa size: 64 time: 17:01:52

Iowa Checking resource available at time: 17:01:52
Started creating Iowa DataCenter at 17:12:55
Completed creating Iowa DataCenter at 17:12:56
Iowa Completed Workload tracing at 17:12:56
Iowa Completed Temp/Electric tracing at 17:12:56
Iowa Completed Temp/Electric tracing at 17:12:56
Iowa Getting resource data at 17:12:56

Iowa Getting resource data at 17:12:56

Iowa Getting resource data at 17:12:56

Iowa Getting resource data at 17:12:56

Iowa Completed Updating Resource at 17:12:56
Iowa Entered Simulation at 17:12:56
Job Arrival at Iowa size: 64 time: 17:12:56

Iowa Checking resource available at time: 17:12:56
Started creating Iowa DataCenter at 17:20:50
Completed creating Iowa DataCenter at 17:20:51
Iowa Completed Workload tracing at 17:20:51
Iowa Completed Temp/Electric tracing at 17:20:51
Iowa Completed Temp/Electric tracing at 17:20:51
Iowa Getting resource data at 17:20:51

Iowa Getting resource data at 17:20:51

Iowa Getting resource data at 17:20:51

Iowa Getting resource data at 17:20:51

Iowa Completed Updating Resource at 17:20:51
Iowa Entered Simulation at 17:20:51
Job Arrival at Iowa size: 64 time: 17:20:51

Iowa Checking resource available at time: 17:20:51
