Started creating Oregon DataCenter at 14:58:21
Started creating Oregon DataCenter at 15:01:51
Completed creating Oregon DataCenter at 15:01:51
Oregon Completed Workload tracing at 15:01:51
Oregon Completed Temp/Electric tracing at 15:01:51
Oregon Completed Temp/Electric tracing at 15:01:51
Oregon Getting resource data at 15:01:51

Oregon Getting resource data at 15:01:51

Oregon Getting resource data at 15:01:51

Oregon Completed Updating Resource at 15:01:52
Oregon Getting resource data at 15:01:52

Oregon Entered Simulation at 15:01:52
Job Arrival at Oregon size: 56 time: 15:01:52

Oregon Checking resource available at time: 15:01:52
Started creating Oregon DataCenter at 15:12:55
Completed creating Oregon DataCenter at 15:12:55
Oregon Completed Workload tracing at 15:12:55
Oregon Completed Temp/Electric tracing at 15:12:56
Oregon Completed Temp/Electric tracing at 15:12:56
Oregon Getting resource data at 15:12:56

Oregon Getting resource data at 15:12:56

Oregon Getting resource data at 15:12:56

Oregon Completed Updating Resource at 15:12:56
Oregon Getting resource data at 15:12:56

Oregon Entered Simulation at 15:12:56
Job Arrival at Oregon size: 56 time: 15:12:56

Oregon Checking resource available at time: 15:12:56
Started creating Oregon DataCenter at 15:20:50
Completed creating Oregon DataCenter at 15:20:51
Oregon Completed Workload tracing at 15:20:51
Oregon Completed Temp/Electric tracing at 15:20:51
Oregon Completed Temp/Electric tracing at 15:20:51
Oregon Getting resource data at 15:20:51

Oregon Getting resource data at 15:20:51

Oregon Getting resource data at 15:20:51

Oregon Completed Updating Resource at 15:20:51
Oregon Getting resource data at 15:20:51

Oregon Entered Simulation at 15:20:51
Job Arrival at Oregon size: 56 time: 15:20:51

Oregon Checking resource available at time: 15:20:51
