Started creating Singapore DataCenter at 5:58:21
Started creating Singapore DataCenter at 6:01:51
Completed creating Singapore DataCenter at 6:01:51
Singapore Completed Workload tracing at 6:01:51
Singapore Completed Temp/Electric tracing at 6:01:51
Singapore Completed Temp/Electric tracing at 6:01:51
Singapore Getting resource data at 6:01:51

Singapore Getting resource data at 6:01:51

Singapore Completed Updating Resource at 6:01:51
Singapore Getting resource data at 6:01:51

Singapore Getting resource data at 6:01:52

Singapore Entered Simulation at 6:01:52
Job Arrival at Singapore size: 44 time: 6:01:52

Singapore Checking resource available at time: 6:01:52
Started creating Singapore DataCenter at 6:12:55
Completed creating Singapore DataCenter at 6:12:55
Singapore Completed Workload tracing at 6:12:55
Singapore Completed Temp/Electric tracing at 6:12:55
Singapore Completed Temp/Electric tracing at 6:12:55
Singapore Getting resource data at 6:12:56

Singapore Getting resource data at 6:12:56

Singapore Completed Updating Resource at 6:12:56
Singapore Getting resource data at 6:12:56

Singapore Getting resource data at 6:12:56

Singapore Entered Simulation at 6:12:56
Job Arrival at Singapore size: 44 time: 6:12:56

Singapore Checking resource available at time: 6:12:56
Started creating Singapore DataCenter at 6:20:50
Completed creating Singapore DataCenter at 6:20:51
Singapore Completed Workload tracing at 6:20:51
Singapore Completed Temp/Electric tracing at 6:20:51
Singapore Completed Temp/Electric tracing at 6:20:51
Singapore Getting resource data at 6:20:51

Singapore Getting resource data at 6:20:51

Singapore Completed Updating Resource at 6:20:51
Singapore Getting resource data at 6:20:51

Singapore Getting resource data at 6:20:51

Singapore Entered Simulation at 6:20:51
Job Arrival at Singapore size: 44 time: 6:20:51

Singapore Checking resource available at time: 6:20:56
